<?xml version="1.0" encoding="UTF-8"?>
<robot generator="Robot 3.2.2 (Python 3.9.1 on darwin)" generated="20230304 14:45:40.011" rpa="false">
<suite id="s1" name="Mytest" source="/Users/daoduydung/Documents/eclipse/RobotFramework/test/mytest.robot">
<kw name="Log" library="BuiltIn" type="setup">
<doc>Logs the given message with the given level.</doc>
<arguments>
<arg>This is suite setup test</arg>
</arguments>
<msg timestamp="20230304 14:45:40.089" level="INFO">This is suite setup test</msg>
<status status="PASS" starttime="20230304 14:45:40.088" endtime="20230304 14:45:40.089"></status>
</kw>
<test id="s1-t1" name="MyFirstTest">
<kw name="Log" library="BuiltIn" type="setup">
<doc>Logs the given message with the given level.</doc>
<arguments>
<arg>This test setup</arg>
</arguments>
<msg timestamp="20230304 14:45:40.089" level="INFO">This test setup</msg>
<status status="PASS" starttime="20230304 14:45:40.089" endtime="20230304 14:45:40.089"></status>
</kw>
<kw name="Log" library="BuiltIn">
<doc>Logs the given message with the given level.</doc>
<arguments>
<arg>Hellworld...</arg>
</arguments>
<msg timestamp="20230304 14:45:40.089" level="INFO">Hellworld...</msg>
<status status="PASS" starttime="20230304 14:45:40.089" endtime="20230304 14:45:40.089"></status>
</kw>
<kw name="Log" library="BuiltIn" type="teardown">
<doc>Logs the given message with the given level.</doc>
<arguments>
<arg>This test teardown</arg>
</arguments>
<msg timestamp="20230304 14:45:40.089" level="INFO">This test teardown</msg>
<status status="PASS" starttime="20230304 14:45:40.089" endtime="20230304 14:45:40.089"></status>
</kw>
<tags>
<tag>sanity</tag>
</tags>
<status status="PASS" starttime="20230304 14:45:40.089" endtime="20230304 14:45:40.089" critical="yes"></status>
</test>
<kw name="Log" library="BuiltIn" type="teardown">
<doc>Logs the given message with the given level.</doc>
<arguments>
<arg>This is suite teardown</arg>
</arguments>
<msg timestamp="20230304 14:45:40.089" level="INFO">This is suite teardown</msg>
<status status="PASS" starttime="20230304 14:45:40.089" endtime="20230304 14:45:40.090"></status>
</kw>
<status status="PASS" starttime="20230304 14:45:40.012" endtime="20230304 14:45:40.090"></status>
</suite>
<statistics>
<total>
<stat pass="1" fail="0">Critical Tests</stat>
<stat pass="1" fail="0">All Tests</stat>
</total>
<tag>
<stat pass="1" fail="0">sanity</stat>
</tag>
<suite>
<stat pass="1" fail="0" id="s1" name="Mytest">Mytest</stat>
</suite>
</statistics>
<errors>
</errors>
</robot>
